<?xml version="1.0" encoding="UTF-8"?>
<!-- Generated by org.testng.reporters.JUnitXMLReporter -->
<testsuite hostname="GuruKrishna" ignored="0" name="Test2" tests="4" failures="0" timestamp="2020-09-10T18:48:12 IST" time="0.975" errors="0">
  <testcase name="testCreateIssue" time="0.013" classname="TestCases.CreateIssue">
    <skipped/>
  </testcase> <!-- testCreateIssue -->
  <testcase name="testCreateIssue" time="0.004" classname="TestCases.CreateIssue">
    <skipped/>
  </testcase> <!-- testCreateIssue -->
  <testcase name="testCreateIssue" time="0.003" classname="TestCases.CreateIssue">
    <skipped/>
  </testcase> <!-- testCreateIssue -->
  <testcase name="testGetIssue" time="0.0" classname="TestCases.CreateIssue">
    <skipped/>
  </testcase> <!-- testGetIssue -->
</testsuite> <!-- Test2 -->
