<?xml version="1.0" encoding="UTF-8"?>
<!-- Generated by org.testng.reporters.JUnitXMLReporter -->
<testsuite hostname="GuruKrishna" ignored="0" name="Test3" tests="6" failures="0" timestamp="2020-09-10T18:48:18 IST" time="6.255" errors="0">
  <testcase name="testAddAttachment" time="3.678" classname="TestCases.AddAttachment"/>
  <testcase name="testAddAttachment" time="0.408" classname="TestCases.AddAttachment"/>
  <testcase name="testAddAttachment" time="0.519" classname="TestCases.AddAttachment"/>
  <testcase name="testAddAttachment" time="0.368" classname="TestCases.AddAttachment"/>
  <testcase name="testAddAttachment" time="0.276" classname="TestCases.AddAttachment"/>
  <testcase name="testAddAttachment" time="0.294" classname="TestCases.AddAttachment"/>
</testsuite> <!-- Test3 -->
