<?xml version="1.0" encoding="UTF-8"?>
<!-- Generated by org.testng.reporters.JUnitXMLReporter -->
<testsuite hostname="GuruKrishna" ignored="0" name="Default test" tests="4" failures="0" timestamp="2020-09-12T23:38:48 IST" time="148.2" errors="0">
  <testcase name="testCreateIssue" time="118.981" classname="TestCases.CreateIssue"/>
  <testcase name="testCreateIssue" time="13.236" classname="TestCases.CreateIssue"/>
  <testcase name="testCreateIssue" time="5.217" classname="TestCases.CreateIssue"/>
  <testcase name="testGetIssue" time="1.201" classname="TestCases.CreateIssue"/>
</testsuite> <!-- Default test -->
